Using pre-set license
Built from '2020.3/release' branch; Version is '2020.3.2f1 (8fd9074bf66c) revision 9427207'; Using compiler version '192528614'; Build Type 'Release'
OS: 'Windows 10 Pro; OS build 19043.1237; Version 2009; 64bit' Language: 'zh' Physical Memory: 32725 MB
BatchMode: 1, IsHumanControllingUs: 0, StartBugReporterOnCrash: 0, Is64bit: 1, IsPro: 0

 COMMAND LINE ARGUMENTS:
C:\Program Files\Unity\Hub\Editor\2020.3.2f1\Editor\Unity.exe
-adb2
-batchMode
-noUpm
-name
AssetImportWorker0
-projectPath
D:/Unity/3D Game Project
-logFile
Logs/AssetImportWorker0.log
-srvPort
6873
Successfully changed project path to: D:/Unity/3D Game Project
D:/Unity/3D Game Project
Using Asset Import Pipeline V2.
Refreshing native plugins compatible for Editor in 19.44 ms, found 0 plugins.
Preloading 0 native plugins for Editor in 0.00 ms.
Initialize engine version: 2020.3.2f1 (8fd9074bf66c)
[Subsystems] Discovering subsystems at path C:/Program Files/Unity/Hub/Editor/2020.3.2f1/Editor/Data/Resources/UnitySubsystems
[Subsystems] Discovering subsystems at path D:/Unity/3D Game Project/Assets
GfxDevice: creating device client; threaded=0
Direct3D:
    Version:  Direct3D 11.0 [level 11.1]
    Renderer: NVIDIA GeForce RTX 2070 SUPER (ID=0x1e84)
    Vendor:   
    VRAM:     8011 MB
    Driver:   27.21.14.6647
Initialize mono
Mono path[0] = 'C:/Program Files/Unity/Hub/Editor/2020.3.2f1/Editor/Data/Managed'
Mono path[1] = 'C:/Program Files/Unity/Hub/Editor/2020.3.2f1/Editor/Data/MonoBleedingEdge/lib/mono/unityjit'
Mono config path = 'C:/Program Files/Unity/Hub/Editor/2020.3.2f1/Editor/Data/MonoBleedingEdge/etc'
Using monoOptions --debugger-agent=transport=dt_socket,embedding=1,server=y,suspend=n,address=127.0.0.1:56652
Begin MonoManager ReloadAssembly
Registering precompiled unity dll's ...
Register platform support module: C:/Program Files/Unity/Hub/Editor/2020.3.2f1/Editor/Data/PlaybackEngines/WebGLSupport/UnityEditor.WebGL.Extensions.dll
Register platform support module: C:/Program Files/Unity/Hub/Editor/2020.3.2f1/Editor/Data/PlaybackEngines/WindowsStandaloneSupport/UnityEditor.WindowsStandalone.Extensions.dll
Registered in 0.002106 seconds.
Native extension for WindowsStandalone target not found
Native extension for WebGL target not found
Refreshing native plugins compatible for Editor in 19.02 ms, found 0 plugins.
Preloading 0 native plugins for Editor in 0.00 ms.
Invoked RoslynAnalysisRunner static constructor.
RoslynAnalysisRunner will not be running.
RoslynAnalysisRunner has terminated.
Mono: successfully reloaded assembly
- Completed reload, in  1.967 seconds
Platform modules already initialized, skipping
Registering precompiled user dll's ...
Registered in 0.000434 seconds.
Begin MonoManager ReloadAssembly
Native extension for WindowsStandalone target not found
Native extension for WebGL target not found
Refreshing native plugins compatible for Editor in 0.18 ms, found 0 plugins.
Preloading 0 native plugins for Editor in 0.00 ms.
Invoked RoslynAnalysisRunner static constructor.
RoslynAnalysisRunner will not be running.
RoslynAnalysisRunner has terminated.
Mono: successfully reloaded assembly
- Completed reload, in  0.704 seconds
Platform modules already initialized, skipping
========================================================================
Worker process is ready to serve import requests
Launched and connected shader compiler UnityShaderCompiler.exe after 0.04 seconds
Refreshing native plugins compatible for Editor in 0.18 ms, found 0 plugins.
Preloading 0 native plugins for Editor in 0.00 ms.
Unloading 1135 Unused Serialized files (Serialized files now loaded: 0)
System memory in use before: 59.6 MB.
System memory in use after: 59.7 MB.

Unloading 10 unused Assets to reduce memory usage. Loaded Objects now: 1578.
Total: 1.598000 ms (FindLiveObjects: 0.202700 ms CreateObjectMapping: 0.038100 ms MarkObjects: 1.283400 ms  DeleteObjects: 0.072900 ms)

========================================================================
Received Import Request.
  path: Assets/Scripts/Coin.cs
  artifactKey: Guid(d7719c9f0c07f474e9a420c784bb1b61) Importer(815301076,1909f56bfc062723c751e8b465ee728b)
Start importing Assets/Scripts/Coin.cs using Guid(d7719c9f0c07f474e9a420c784bb1b61) Importer(815301076,1909f56bfc062723c751e8b465ee728b)  -> (artifact id: '3a45c8664ba33152ef8b3a1d78703e12') in 0.031094 seconds
  Import took 0.032644 seconds .

========================================================================
Received Prepare
Registering precompiled user dll's ...
Registered in 0.000493 seconds.
Begin MonoManager ReloadAssembly
Native extension for WindowsStandalone target not found
Native extension for WebGL target not found
Refreshing native plugins compatible for Editor in 0.18 ms, found 0 plugins.
Preloading 0 native plugins for Editor in 0.00 ms.
Invoked RoslynAnalysisRunner static constructor.
RoslynAnalysisRunner will not be running.
RoslynAnalysisRunner has terminated.
Mono: successfully reloaded assembly
- Completed reload, in  0.681 seconds
Platform modules already initialized, skipping
Refreshing native plugins compatible for Editor in 0.21 ms, found 0 plugins.
Preloading 0 native plugins for Editor in 0.00 ms.
Unloading 1117 Unused Serialized files (Serialized files now loaded: 0)
System memory in use before: 58.3 MB.
System memory in use after: 58.4 MB.

Unloading 5 unused Assets to reduce memory usage. Loaded Objects now: 1581.
Total: 1.619200 ms (FindLiveObjects: 0.220000 ms CreateObjectMapping: 0.066900 ms MarkObjects: 1.281100 ms  DeleteObjects: 0.049900 ms)

========================================================================
Received Prepare
Registering precompiled user dll's ...
Registered in 0.000696 seconds.
Begin MonoManager ReloadAssembly
Native extension for WindowsStandalone target not found
Native extension for WebGL target not found
Refreshing native plugins compatible for Editor in 0.18 ms, found 0 plugins.
Preloading 0 native plugins for Editor in 0.00 ms.
Invoked RoslynAnalysisRunner static constructor.
RoslynAnalysisRunner will not be running.
RoslynAnalysisRunner has terminated.
Mono: successfully reloaded assembly
- Completed reload, in  0.631 seconds
Platform modules already initialized, skipping
Refreshing native plugins compatible for Editor in 0.19 ms, found 0 plugins.
Preloading 0 native plugins for Editor in 0.00 ms.
Unloading 1117 Unused Serialized files (Serialized files now loaded: 0)
System memory in use before: 58.3 MB.
System memory in use after: 58.4 MB.

Unloading 5 unused Assets to reduce memory usage. Loaded Objects now: 1584.
Total: 1.433000 ms (FindLiveObjects: 0.138200 ms CreateObjectMapping: 0.043500 ms MarkObjects: 1.183400 ms  DeleteObjects: 0.067200 ms)

========================================================================
Received Prepare
Registering precompiled user dll's ...
Registered in 0.000607 seconds.
Begin MonoManager ReloadAssembly
Native extension for WindowsStandalone target not found
Native extension for WebGL target not found
Refreshing native plugins compatible for Editor in 0.23 ms, found 0 plugins.
Preloading 0 native plugins for Editor in 0.00 ms.
Invoked RoslynAnalysisRunner static constructor.
RoslynAnalysisRunner will not be running.
RoslynAnalysisRunner has terminated.
Mono: successfully reloaded assembly
- Completed reload, in  1.094 seconds
Platform modules already initialized, skipping
Refreshing native plugins compatible for Editor in 0.19 ms, found 0 plugins.
Preloading 0 native plugins for Editor in 0.00 ms.
Unloading 1117 Unused Serialized files (Serialized files now loaded: 0)
System memory in use before: 58.3 MB.
System memory in use after: 58.4 MB.

Unloading 5 unused Assets to reduce memory usage. Loaded Objects now: 1587.
Total: 2.489700 ms (FindLiveObjects: 0.146400 ms CreateObjectMapping: 0.043300 ms MarkObjects: 2.236300 ms  DeleteObjects: 0.062200 ms)

========================================================================
Received Prepare
Refreshing native plugins compatible for Editor in 0.56 ms, found 0 plugins.
Preloading 0 native plugins for Editor in 0.00 ms.
Unloading 3 Unused Serialized files (Serialized files now loaded: 0)
System memory in use before: 36.2 MB.
System memory in use after: 36.3 MB.

Unloading 3 unused Assets to reduce memory usage. Loaded Objects now: 1587.
Total: 1.528600 ms (FindLiveObjects: 0.119700 ms CreateObjectMapping: 0.030300 ms MarkObjects: 1.329600 ms  DeleteObjects: 0.048200 ms)

========================================================================
Received Import Request.
  Time since last request: 21805.896768 seconds.
  path: Assets/Models/Player/advancedCharacterUV.tga
  artifactKey: Guid(1d6f9843f2a63ad409b75bb2a2d5a794) Importer(815301076,1909f56bfc062723c751e8b465ee728b)
Start importing Assets/Models/Player/advancedCharacterUV.tga using Guid(1d6f9843f2a63ad409b75bb2a2d5a794) Importer(815301076,1909f56bfc062723c751e8b465ee728b)  -> (artifact id: 'b414a7e7a2da107c6e3a1310dd88aaf7') in 0.054847 seconds
  Import took 0.057005 seconds .

========================================================================
Received Import Request.
  Time since last request: 0.000179 seconds.
  path: Assets/Models/Player/skin_adventurer.png
  artifactKey: Guid(2c13b343642a9784c97696ed37120f0e) Importer(815301076,1909f56bfc062723c751e8b465ee728b)
Start importing Assets/Models/Player/skin_adventurer.png using Guid(2c13b343642a9784c97696ed37120f0e) Importer(815301076,1909f56bfc062723c751e8b465ee728b)  -> (artifact id: '0fa239548c3a32585adfc6d4cf346e29') in 0.064773 seconds
  Import took 0.066762 seconds .

========================================================================
Received Import Request.
  Time since last request: 0.000237 seconds.
  path: Assets/TextMesh Pro/Sprites/EmojiOne.png
  artifactKey: Guid(dffef66376be4fa480fb02b19edbe903) Importer(815301076,1909f56bfc062723c751e8b465ee728b)
Start importing Assets/TextMesh Pro/Sprites/EmojiOne.png using Guid(dffef66376be4fa480fb02b19edbe903) Importer(815301076,1909f56bfc062723c751e8b465ee728b)  -> (artifact id: '6ab3c19bf7af1a75e00e0487034ba797') in 0.022891 seconds
  Import took 0.025095 seconds .

========================================================================
Received Import Request.
  Time since last request: 0.000277 seconds.
  path: Assets/TextMesh Pro/Resources/Fonts & Materials/LiberationSans SDF - Fallback.asset
  artifactKey: Guid(2e498d1c8094910479dc3e1b768306a4) Importer(815301076,1909f56bfc062723c751e8b465ee728b)
Start importing Assets/TextMesh Pro/Resources/Fonts & Materials/LiberationSans SDF - Fallback.asset using Guid(2e498d1c8094910479dc3e1b768306a4) Importer(815301076,1909f56bfc062723c751e8b465ee728b)  -> (artifact id: '6325ae9a70782a205d52cf1addc2954c') in 0.094856 seconds
  Import took 0.097128 seconds .

========================================================================
Received Import Request.
  Time since last request: 0.000190 seconds.
  path: Assets/Models/Player/skin_manAlternative.png
  artifactKey: Guid(e842f8f9e4e64084f8e66e6f45ebed4d) Importer(815301076,1909f56bfc062723c751e8b465ee728b)
Start importing Assets/Models/Player/skin_manAlternative.png using Guid(e842f8f9e4e64084f8e66e6f45ebed4d) Importer(815301076,1909f56bfc062723c751e8b465ee728b)  -> (artifact id: 'fca8e759df93ba918f14988f25a5c9bd') in 0.007399 seconds
  Import took 0.009364 seconds .

========================================================================
Received Import Request.
  Time since last request: 0.000221 seconds.
  path: Assets/TextMesh Pro/Resources/Fonts & Materials/LiberationSans SDF - Fallback.asset
  artifactKey: Guid(2e498d1c8094910479dc3e1b768306a4) Importer(815301076,1909f56bfc062723c751e8b465ee728b)
Start importing Assets/TextMesh Pro/Resources/Fonts & Materials/LiberationSans SDF - Fallback.asset using Guid(2e498d1c8094910479dc3e1b768306a4) Importer(815301076,1909f56bfc062723c751e8b465ee728b)  -> (artifact id: '6325ae9a70782a205d52cf1addc2954c') in 0.011048 seconds
  Import took 0.012984 seconds .

========================================================================
Received Import Request.
  Time since last request: 0.000162 seconds.
  path: Assets/TextMesh Pro/Resources/Fonts & Materials/LiberationSans SDF.asset
  artifactKey: Guid(8f586378b4e144a9851e7b34d9b748ee) Importer(815301076,1909f56bfc062723c751e8b465ee728b)
Start importing Assets/TextMesh Pro/Resources/Fonts & Materials/LiberationSans SDF.asset using Guid(8f586378b4e144a9851e7b34d9b748ee) Importer(815301076,1909f56bfc062723c751e8b465ee728b)  -> (artifact id: '5522975870636f5b417e336273a6f8a5') in 0.043977 seconds
  Import took 0.046267 seconds .

========================================================================
Received Import Request.
  Time since last request: 0.000181 seconds.
  path: Assets/Models/Player/advancedCharacterUV.tga
  artifactKey: Guid(1d6f9843f2a63ad409b75bb2a2d5a794) Importer(815301076,1909f56bfc062723c751e8b465ee728b)
Start importing Assets/Models/Player/advancedCharacterUV.tga using Guid(1d6f9843f2a63ad409b75bb2a2d5a794) Importer(815301076,1909f56bfc062723c751e8b465ee728b)  -> (artifact id: 'b414a7e7a2da107c6e3a1310dd88aaf7') in 0.003998 seconds
  Import took 0.005734 seconds .

========================================================================
Received Import Request.
  Time since last request: 0.000137 seconds.
  path: Assets/TextMesh Pro/Resources/Fonts & Materials/LiberationSans SDF.asset
  artifactKey: Guid(8f586378b4e144a9851e7b34d9b748ee) Importer(815301076,1909f56bfc062723c751e8b465ee728b)
Start importing Assets/TextMesh Pro/Resources/Fonts & Materials/LiberationSans SDF.asset using Guid(8f586378b4e144a9851e7b34d9b748ee) Importer(815301076,1909f56bfc062723c751e8b465ee728b)  -> (artifact id: '5522975870636f5b417e336273a6f8a5') in 0.034855 seconds
  Import took 0.037995 seconds .

========================================================================
Received Import Request.
  Time since last request: 0.000218 seconds.
  path: Assets/Models/Player/skin_man.png
  artifactKey: Guid(591f7f35925395641932d85acdfa435f) Importer(815301076,1909f56bfc062723c751e8b465ee728b)
Start importing Assets/Models/Player/skin_man.png using Guid(591f7f35925395641932d85acdfa435f) Importer(815301076,1909f56bfc062723c751e8b465ee728b)  -> (artifact id: '8c1d6958920899d5146bb05596cc7512') in 0.009746 seconds
  Import took 0.012667 seconds .

AssetImportWorkerClient::OnTransportError - code=2 error=End of file
